<?xml version="1.0" encoding="UTF-8"?>
<!-- Generated by org.testng.reporters.JUnitReportReporter -->
<testsuite hostname="LAPTOP-LJ33F6DB" failures="0" tests="1" name="Googlemap.Googlemapapi" time="12.719" errors="0" timestamp="2024-10-09T16:23:47 WAT" skipped="0">
  <testcase classname="Googlemap.Googlemapapi" name="e2eflow" time="12.719"/>
  <system-out/>
</testsuite> <!-- Googlemap.Googlemapapi -->
